<?xml version="1.0" encoding="UTF-8"?>
<testsuite name="ohtuesimerkki.StatisticsTest" tests="4" skipped="0" failures="0" errors="0" timestamp="2020-01-19T17:16:15" hostname="YOGA-OH" time="0.005">
  <properties/>
  <testcase name="pelaajaLoytyy" classname="ohtuesimerkki.StatisticsTest" time="0.004"/>
  <testcase name="teamPalauttaaListanPelaajista" classname="ohtuesimerkki.StatisticsTest" time="0.0"/>
  <testcase name="pelaajaaEiLoydy" classname="ohtuesimerkki.StatisticsTest" time="0.001"/>
  <testcase name="topScorersPalauttaaOikeakokoisenListan" classname="ohtuesimerkki.StatisticsTest" time="0.0"/>
  <system-out><![CDATA[]]></system-out>
  <system-err><![CDATA[]]></system-err>
</testsuite>
